<?xml version="1.0" encoding="UTF-8" ?>
<testsuite failures="0" time="0.565" errors="0" skipped="0" tests="2" name="com.adobe.ac.manifestGenerator.groovy.ManifestGeneratorTest">
  <properties>
    <property name="java.runtime.name" value="Java(TM) SE Runtime Environment"/>
    <property name="sun.boot.library.path" value="/System/Library/Java/JavaVirtualMachines/1.6.0.jdk/Contents/Libraries"/>
    <property name="java.vm.version" value="20.6-b01-415"/>
    <property name="awt.nativeDoubleBuffering" value="true"/>
    <property name="gopherProxySet" value="false"/>
    <property name="mrj.build" value="11M3635"/>
    <property name="java.vm.vendor" value="Apple Inc."/>
    <property name="java.vendor.url" value="http://www.apple.com/"/>
    <property name="path.separator" value=":"/>
    <property name="java.vm.name" value="Java HotSpot(TM) 64-Bit Server VM"/>
    <property name="file.encoding.pkg" value="sun.io"/>
    <property name="user.country" value="US"/>
    <property name="sun.java.launcher" value="SUN_STANDARD"/>
    <property name="sun.os.patch.level" value="unknown"/>
    <property name="java.vm.specification.name" value="Java Virtual Machine Specification"/>
    <property name="user.dir" value="/Users/edeustace/dev/github.com/manifest-generator/core"/>
    <property name="java.runtime.version" value="1.6.0_31-b04-415-11M3635"/>
    <property name="java.awt.graphicsenv" value="apple.awt.CGraphicsEnvironment"/>
    <property name="basedir" value="/Users/edeustace/dev/github.com/manifest-generator/core"/>
    <property name="java.endorsed.dirs" value="/System/Library/Java/JavaVirtualMachines/1.6.0.jdk/Contents/Home/lib/endorsed"/>
    <property name="os.arch" value="x86_64"/>
    <property name="surefire.real.class.path" value="/Users/edeustace/dev/github.com/manifest-generator/core/target/surefire/surefirebooter320020881244201187.jar"/>
    <property name="java.io.tmpdir" value="/var/folders/mg/ctbn1sks3j54x6p10fyljtf40000gn/T/"/>
    <property name="line.separator" value="
"/>
    <property name="java.vm.specification.vendor" value="Sun Microsystems Inc."/>
    <property name="os.name" value="Mac OS X"/>
    <property name="sun.jnu.encoding" value="MacRoman"/>
    <property name="java.library.path" value=".:/Library/Java/Extensions:/System/Library/Java/Extensions:/usr/lib/java"/>
    <property name="surefire.test.class.path" value="/Users/edeustace/dev/github.com/manifest-generator/core/target/test-classes:/Users/edeustace/dev/github.com/manifest-generator/core/target/classes:/Users/edeustace/.m2/repository/org/codehaus/groovy/maven/runtime/gmaven-runtime-1.6/1.0/gmaven-runtime-1.6-1.0.jar:/Users/edeustace/.m2/repository/org/slf4j/slf4j-api/1.5.6/slf4j-api-1.5.6.jar:/Users/edeustace/.m2/repository/org/codehaus/groovy/maven/feature/gmaven-feature-support/1.0/gmaven-feature-support-1.0.jar:/Users/edeustace/.m2/repository/org/codehaus/groovy/maven/feature/gmaven-feature-api/1.0/gmaven-feature-api-1.0.jar:/Users/edeustace/.m2/repository/org/codehaus/groovy/maven/runtime/gmaven-runtime-support/1.0/gmaven-runtime-support-1.0.jar:/Users/edeustace/.m2/repository/org/codehaus/groovy/maven/runtime/gmaven-runtime-api/1.0/gmaven-runtime-api-1.0.jar:/Users/edeustace/.m2/repository/org/codehaus/groovy/maven/gmaven-common/1.0/gmaven-common-1.0.jar:/Users/edeustace/.m2/repository/org/codehaus/plexus/plexus-utils/1.5.5/plexus-utils-1.5.5.jar:/Users/edeustace/.m2/repository/com/thoughtworks/qdox/qdox/1.8/qdox-1.8.jar:/Users/edeustace/.m2/repository/org/codehaus/groovy/groovy-all/1.6.0/groovy-all-1.6.0.jar:/Users/edeustace/.m2/repository/org/apache/ant/ant/1.7.1/ant-1.7.1.jar:/Users/edeustace/.m2/repository/org/apache/ant/ant-launcher/1.7.1/ant-launcher-1.7.1.jar:/Users/edeustace/.m2/repository/jline/jline/0.9.94/jline-0.9.94.jar:/Users/edeustace/.m2/repository/junit/junit/3.8.1/junit-3.8.1.jar:"/>
    <property name="java.specification.name" value="Java Platform API Specification"/>
    <property name="java.class.version" value="50.0"/>
    <property name="sun.management.compiler" value="HotSpot 64-Bit Tiered Compilers"/>
    <property name="os.version" value="10.7.3"/>
    <property name="http.nonProxyHosts" value="local|*.local|169.254/16|*.169.254/16"/>
    <property name="user.home" value="/Users/edeustace"/>
    <property name="user.timezone" value=""/>
    <property name="java.awt.printerjob" value="apple.awt.CPrinterJob"/>
    <property name="java.specification.version" value="1.6"/>
    <property name="file.encoding" value="MacRoman"/>
    <property name="user.name" value="edeustace"/>
    <property name="java.class.path" value="/Users/edeustace/dev/github.com/manifest-generator/core/target/test-classes:/Users/edeustace/dev/github.com/manifest-generator/core/target/classes:/Users/edeustace/.m2/repository/org/codehaus/groovy/maven/runtime/gmaven-runtime-1.6/1.0/gmaven-runtime-1.6-1.0.jar:/Users/edeustace/.m2/repository/org/slf4j/slf4j-api/1.5.6/slf4j-api-1.5.6.jar:/Users/edeustace/.m2/repository/org/codehaus/groovy/maven/feature/gmaven-feature-support/1.0/gmaven-feature-support-1.0.jar:/Users/edeustace/.m2/repository/org/codehaus/groovy/maven/feature/gmaven-feature-api/1.0/gmaven-feature-api-1.0.jar:/Users/edeustace/.m2/repository/org/codehaus/groovy/maven/runtime/gmaven-runtime-support/1.0/gmaven-runtime-support-1.0.jar:/Users/edeustace/.m2/repository/org/codehaus/groovy/maven/runtime/gmaven-runtime-api/1.0/gmaven-runtime-api-1.0.jar:/Users/edeustace/.m2/repository/org/codehaus/groovy/maven/gmaven-common/1.0/gmaven-common-1.0.jar:/Users/edeustace/.m2/repository/org/codehaus/plexus/plexus-utils/1.5.5/plexus-utils-1.5.5.jar:/Users/edeustace/.m2/repository/com/thoughtworks/qdox/qdox/1.8/qdox-1.8.jar:/Users/edeustace/.m2/repository/org/codehaus/groovy/groovy-all/1.6.0/groovy-all-1.6.0.jar:/Users/edeustace/.m2/repository/org/apache/ant/ant/1.7.1/ant-1.7.1.jar:/Users/edeustace/.m2/repository/org/apache/ant/ant-launcher/1.7.1/ant-launcher-1.7.1.jar:/Users/edeustace/.m2/repository/jline/jline/0.9.94/jline-0.9.94.jar:/Users/edeustace/.m2/repository/junit/junit/3.8.1/junit-3.8.1.jar:"/>
    <property name="java.vm.specification.version" value="1.0"/>
    <property name="sun.arch.data.model" value="64"/>
    <property name="java.home" value="/System/Library/Java/JavaVirtualMachines/1.6.0.jdk/Contents/Home"/>
    <property name="sun.java.command" value="/Users/edeustace/dev/github.com/manifest-generator/core/target/surefire/surefirebooter320020881244201187.jar /Users/edeustace/dev/github.com/manifest-generator/core/target/surefire/surefire7936402601906258202tmp /Users/edeustace/dev/github.com/manifest-generator/core/target/surefire/surefire3183653472596253423tmp"/>
    <property name="java.specification.vendor" value="Sun Microsystems Inc."/>
    <property name="user.language" value="en"/>
    <property name="awt.toolkit" value="apple.awt.CToolkit"/>
    <property name="java.vm.info" value="mixed mode"/>
    <property name="java.version" value="1.6.0_31"/>
    <property name="java.ext.dirs" value="/Library/Java/Extensions:/System/Library/Java/Extensions:/System/Library/Java/JavaVirtualMachines/1.6.0.jdk/Contents/Home/lib/ext"/>
    <property name="sun.boot.class.path" value="/System/Library/Java/JavaVirtualMachines/1.6.0.jdk/Contents/Classes/jsfd.jar:/System/Library/Java/JavaVirtualMachines/1.6.0.jdk/Contents/Classes/classes.jar:/System/Library/Frameworks/JavaVM.framework/Frameworks/JavaRuntimeSupport.framework/Resources/Java/JavaRuntimeSupport.jar:/System/Library/Java/JavaVirtualMachines/1.6.0.jdk/Contents/Classes/ui.jar:/System/Library/Java/JavaVirtualMachines/1.6.0.jdk/Contents/Classes/laf.jar:/System/Library/Java/JavaVirtualMachines/1.6.0.jdk/Contents/Classes/sunrsasign.jar:/System/Library/Java/JavaVirtualMachines/1.6.0.jdk/Contents/Classes/jsse.jar:/System/Library/Java/JavaVirtualMachines/1.6.0.jdk/Contents/Classes/jce.jar:/System/Library/Java/JavaVirtualMachines/1.6.0.jdk/Contents/Classes/charsets.jar"/>
    <property name="java.vendor" value="Apple Inc."/>
    <property name="localRepository" value="/Users/edeustace/.m2/repository"/>
    <property name="file.separator" value="/"/>
    <property name="java.vendor.url.bug" value="http://bugreport.apple.com/"/>
    <property name="sun.cpu.endian" value="little"/>
    <property name="sun.io.unicode.encoding" value="UnicodeLittle"/>
    <property name="mrj.version" value="1070.1.6.0_31-415"/>
    <property name="socksNonProxyHosts" value="local|*.local|169.254/16|*.169.254/16"/>
    <property name="ftp.nonProxyHosts" value="local|*.local|169.254/16|*.169.254/16"/>
    <property name="sun.cpu.isalist" value=""/>
  </properties>
  <testcase time="0.151" classname="com.adobe.ac.manifestGenerator.groovy.ManifestGeneratorTest" name="testGenerateWorks"/>
  <testcase time="0.008" classname="com.adobe.ac.manifestGenerator.groovy.ManifestGeneratorTest" name="testGenerateWorksForIdenticalClassNames"/>
</testsuite>